{"D:\\ASD\\Time_Buddy\\time_buddy_client\\src\\App.tsx": {"path":"D:\\ASD\\Time_Buddy\\time_buddy_client\\src\\App.tsx","statementMap":{"0":{"start":{"line":11,"column":15},"end":{"line":17,"column":8}},"1":{"start":{"line":12,"column":2},"end":{"line":17,"column":8}},"2":{"start":{"line":20,"column":12},"end":{"line":28,"column":11}},"3":{"start":{"line":21,"column":2},"end":{"line":28,"column":11}}},"fnMap":{"0":{"name":"(anonymous_0)","decl":{"start":{"line":11,"column":15},"end":{"line":11,"column":null}},"loc":{"start":{"line":12,"column":2},"end":{"line":17,"column":8}}},"1":{"name":"(anonymous_1)","decl":{"start":{"line":20,"column":12},"end":{"line":20,"column":null}},"loc":{"start":{"line":21,"column":2},"end":{"line":28,"column":11}}}},"branchMap":{},"s":{"0":0,"1":0,"2":0,"3":0},"f":{"0":0,"1":0},"b":{}}
,"D:\\ASD\\Time_Buddy\\time_buddy_client\\src\\main.tsx": {"path":"D:\\ASD\\Time_Buddy\\time_buddy_client\\src\\main.tsx","statementMap":{"0":{"start":{"line":20,"column":4},"end":{"line":20,"column":19}},"1":{"start":{"line":21,"column":4},"end":{"line":21,"column":27}},"2":{"start":{"line":22,"column":4},"end":{"line":22,"column":54}},"3":{"start":{"line":26,"column":25},"end":{"line":37,"column":1}},"4":{"start":{"line":27,"column":14},"end":{"line":27,"column":30}},"5":{"start":{"line":29,"column":2},"end":{"line":34,"column":3}},"6":{"start":{"line":30,"column":18},"end":{"line":30,"column":76}},"7":{"start":{"line":31,"column":4},"end":{"line":31,"column":34}},"8":{"start":{"line":32,"column":4},"end":{"line":32,"column":30}},"9":{"start":{"line":33,"column":4},"end":{"line":33,"column":16}},"10":{"start":{"line":36,"column":2},"end":{"line":36,"column":20}},"11":{"start":{"line":39,"column":36},"end":{"line":39,"column":47}},"12":{"start":{"line":41,"column":0},"end":{"line":52,"column":2}}},"fnMap":{"0":{"name":"(anonymous_0)","decl":{"start":{"line":19,"column":2},"end":{"line":19,"column":14}},"loc":{"start":{"line":19,"column":32},"end":{"line":23,"column":null}}},"1":{"name":"(anonymous_1)","decl":{"start":{"line":26,"column":25},"end":{"line":26,"column":32}},"loc":{"start":{"line":26,"column":48},"end":{"line":37,"column":1}}}},"branchMap":{"0":{"loc":{"start":{"line":29,"column":2},"end":{"line":34,"column":3}},"type":"if","locations":[{"start":{"line":29,"column":2},"end":{"line":34,"column":3}}]}},"s":{"0":0,"1":0,"2":0,"3":0,"4":0,"5":0,"6":0,"7":0,"8":0,"9":0,"10":0,"11":0,"12":0},"f":{"0":0,"1":0},"b":{"0":[0]}}
,"D:\\ASD\\Time_Buddy\\time_buddy_client\\src\\theme.ts": {"path":"D:\\ASD\\Time_Buddy\\time_buddy_client\\src\\theme.ts","statementMap":{"0":{"start":{"line":12,"column":0},"end":{"line":12,"column":15}},"1":{"start":{"line":1,"column":28},"end":{"line":1,"column":null}},"2":{"start":{"line":2,"column":34},"end":{"line":2,"column":null}},"3":{"start":{"line":5,"column":28},"end":{"line":8,"column":1}},"4":{"start":{"line":10,"column":14},"end":{"line":10,"column":50}},"5":{"start":{"line":12,"column":15},"end":{"line":12,"column":20}}},"fnMap":{"0":{"name":"(anonymous_0)","decl":{"start":{"line":12,"column":0},"end":{"line":12,"column":15}},"loc":{"start":{"line":12,"column":0},"end":{"line":12,"column":15}}}},"branchMap":{},"s":{"0":4,"1":3,"2":3,"3":3,"4":3,"5":3},"f":{"0":4},"b":{}}
,"D:\\ASD\\Time_Buddy\\time_buddy_client\\src\\components\\logo.tsx": {"path":"D:\\ASD\\Time_Buddy\\time_buddy_client\\src\\components\\logo.tsx","statementMap":{"0":{"start":{"line":9,"column":0},"end":{"line":9,"column":15}},"1":{"start":{"line":1,"column":24},"end":{"line":1,"column":null}},"2":{"start":{"line":3,"column":13},"end":{"line":6,"column":12}},"3":{"start":{"line":4,"column":2},"end":{"line":6,"column":12}},"4":{"start":{"line":9,"column":15},"end":{"line":9,"column":19}}},"fnMap":{"0":{"name":"(anonymous_0)","decl":{"start":{"line":9,"column":0},"end":{"line":9,"column":15}},"loc":{"start":{"line":9,"column":0},"end":{"line":9,"column":15}}},"1":{"name":"(anonymous_1)","decl":{"start":{"line":3,"column":13},"end":{"line":3,"column":null}},"loc":{"start":{"line":4,"column":2},"end":{"line":6,"column":12}}}},"branchMap":{},"s":{"0":3,"1":1,"2":1,"3":3,"4":1},"f":{"0":3,"1":3},"b":{}}
,"D:\\ASD\\Time_Buddy\\time_buddy_client\\src\\components\\nav-button.tsx": {"path":"D:\\ASD\\Time_Buddy\\time_buddy_client\\src\\components\\nav-button.tsx","statementMap":{"0":{"start":{"line":28,"column":0},"end":{"line":28,"column":15}},"1":{"start":{"line":1,"column":31},"end":{"line":1,"column":null}},"2":{"start":{"line":2,"column":60},"end":{"line":2,"column":null}},"3":{"start":{"line":10,"column":18},"end":{"line":26,"column":1}},"4":{"start":{"line":11,"column":46},"end":{"line":11,"column":51}},"5":{"start":{"line":12,"column":2},"end":{"line":24,"column":null}},"6":{"start":{"line":28,"column":15},"end":{"line":28,"column":24}}},"fnMap":{"0":{"name":"(anonymous_0)","decl":{"start":{"line":28,"column":0},"end":{"line":28,"column":15}},"loc":{"start":{"line":28,"column":0},"end":{"line":28,"column":15}}},"1":{"name":"(anonymous_1)","decl":{"start":{"line":10,"column":18},"end":{"line":10,"column":19}},"loc":{"start":{"line":10,"column":45},"end":{"line":26,"column":1}}}},"branchMap":{},"s":{"0":0,"1":1,"2":1,"3":1,"4":0,"5":0,"6":1},"f":{"0":0,"1":0},"b":{}}
,"D:\\ASD\\Time_Buddy\\time_buddy_client\\src\\components\\navbar.tsx": {"path":"D:\\ASD\\Time_Buddy\\time_buddy_client\\src\\components\\navbar.tsx","statementMap":{"0":{"start":{"line":101,"column":0},"end":{"line":101,"column":15}},"1":{"start":{"line":1,"column":31},"end":{"line":1,"column":null}},"2":{"start":{"line":16,"column":7},"end":{"line":16,"column":null}},"3":{"start":{"line":17,"column":29},"end":{"line":17,"column":null}},"4":{"start":{"line":19,"column":20},"end":{"line":19,"column":null}},"5":{"start":{"line":20,"column":17},"end":{"line":20,"column":null}},"6":{"start":{"line":21,"column":25},"end":{"line":21,"column":null}},"7":{"start":{"line":23,"column":15},"end":{"line":99,"column":1}},"8":{"start":{"line":24,"column":20},"end":{"line":24,"column":65}},"9":{"start":{"line":25,"column":40},"end":{"line":25,"column":55}},"10":{"start":{"line":27,"column":2},"end":{"line":97,"column":null}},"11":{"start":{"line":101,"column":15},"end":{"line":101,"column":21}}},"fnMap":{"0":{"name":"(anonymous_0)","decl":{"start":{"line":101,"column":0},"end":{"line":101,"column":15}},"loc":{"start":{"line":101,"column":0},"end":{"line":101,"column":15}}},"1":{"name":"(anonymous_2)","decl":{"start":{"line":23,"column":15},"end":{"line":23,"column":21}},"loc":{"start":{"line":23,"column":21},"end":{"line":99,"column":1}}}},"branchMap":{"0":{"loc":{"start":{"line":38,"column":13},"end":{"line":52,"column":28}},"type":"binary-expr","locations":[{"start":{"line":38,"column":13},"end":{"line":38,"column":22}},{"start":{"line":39,"column":14},"end":{"line":52,"column":28}}]},"1":{"loc":{"start":{"line":55,"column":11},"end":{"line":93,"column":15}},"type":"cond-expr","locations":[{"start":{"line":56,"column":12},"end":{"line":71,"column":null}},{"start":{"line":73,"column":12},"end":{"line":93,"column":15}}]}},"s":{"0":1,"1":1,"2":1,"3":1,"4":1,"5":1,"6":1,"7":1,"8":3,"9":3,"10":3,"11":1},"f":{"0":1,"1":3},"b":{"0":[3,0],"1":[0,3]}}
,"D:\\ASD\\Time_Buddy\\time_buddy_client\\src\\components\\sidebar.tsx": {"path":"D:\\ASD\\Time_Buddy\\time_buddy_client\\src\\components\\sidebar.tsx","statementMap":{"0":{"start":{"line":73,"column":0},"end":{"line":73,"column":15}},"1":{"start":{"line":1,"column":21},"end":{"line":1,"column":null}},"2":{"start":{"line":9,"column":7},"end":{"line":9,"column":null}},"3":{"start":{"line":17,"column":7},"end":{"line":17,"column":null}},"4":{"start":{"line":19,"column":17},"end":{"line":19,"column":null}},"5":{"start":{"line":20,"column":22},"end":{"line":20,"column":null}},"6":{"start":{"line":21,"column":24},"end":{"line":21,"column":null}},"7":{"start":{"line":23,"column":16},"end":{"line":70,"column":9}},"8":{"start":{"line":24,"column":2},"end":{"line":70,"column":9}},"9":{"start":{"line":73,"column":15},"end":{"line":73,"column":22}}},"fnMap":{"0":{"name":"(anonymous_0)","decl":{"start":{"line":73,"column":0},"end":{"line":73,"column":15}},"loc":{"start":{"line":73,"column":0},"end":{"line":73,"column":15}}},"1":{"name":"(anonymous_2)","decl":{"start":{"line":23,"column":16},"end":{"line":23,"column":null}},"loc":{"start":{"line":24,"column":2},"end":{"line":70,"column":9}}}},"branchMap":{},"s":{"0":3,"1":1,"2":1,"3":1,"4":1,"5":1,"6":1,"7":1,"8":0,"9":1},"f":{"0":3,"1":0},"b":{}}
,"D:\\ASD\\Time_Buddy\\time_buddy_client\\src\\components\\toggle-button.tsx": {"path":"D:\\ASD\\Time_Buddy\\time_buddy_client\\src\\components\\toggle-button.tsx","statementMap":{"0":{"start":{"line":62,"column":0},"end":{"line":62,"column":15}},"1":{"start":{"line":1,"column":57},"end":{"line":1,"column":null}},"2":{"start":{"line":3,"column":12},"end":{"line":15,"column":2}},"3":{"start":{"line":17,"column":19},"end":{"line":41,"column":1}},"4":{"start":{"line":18,"column":21},"end":{"line":18,"column":26}},"5":{"start":{"line":19,"column":2},"end":{"line":39,"column":null}},"6":{"start":{"line":47,"column":21},"end":{"line":60,"column":1}},"7":{"start":{"line":48,"column":41},"end":{"line":48,"column":46}},"8":{"start":{"line":49,"column":2},"end":{"line":58,"column":null}},"9":{"start":{"line":62,"column":15},"end":{"line":62,"column":27}}},"fnMap":{"0":{"name":"(anonymous_0)","decl":{"start":{"line":62,"column":0},"end":{"line":62,"column":15}},"loc":{"start":{"line":62,"column":0},"end":{"line":62,"column":15}}},"1":{"name":"(anonymous_1)","decl":{"start":{"line":17,"column":19},"end":{"line":17,"column":20}},"loc":{"start":{"line":17,"column":51},"end":{"line":41,"column":1}}},"2":{"name":"(anonymous_2)","decl":{"start":{"line":47,"column":21},"end":{"line":47,"column":22}},"loc":{"start":{"line":47,"column":51},"end":{"line":60,"column":1}}}},"branchMap":{"0":{"loc":{"start":{"line":22,"column":19},"end":{"line":22,"column":42}},"type":"cond-expr","locations":[{"start":{"line":22,"column":28},"end":{"line":22,"column":30}},{"start":{"line":22,"column":33},"end":{"line":22,"column":42}}]}},"s":{"0":3,"1":1,"2":1,"3":1,"4":3,"5":3,"6":1,"7":3,"8":3,"9":1},"f":{"0":3,"1":3,"2":3},"b":{"0":[0,3]}}
,"D:\\ASD\\Time_Buddy\\time_buddy_client\\src\\components\\user-profile.tsx": {"path":"D:\\ASD\\Time_Buddy\\time_buddy_client\\src\\components\\user-profile.tsx","statementMap":{"0":{"start":{"line":26,"column":0},"end":{"line":26,"column":15}},"1":{"start":{"line":1,"column":42},"end":{"line":1,"column":null}},"2":{"start":{"line":9,"column":20},"end":{"line":24,"column":1}},"3":{"start":{"line":10,"column":33},"end":{"line":10,"column":38}},"4":{"start":{"line":11,"column":2},"end":{"line":22,"column":null}},"5":{"start":{"line":26,"column":15},"end":{"line":26,"column":26}}},"fnMap":{"0":{"name":"(anonymous_0)","decl":{"start":{"line":26,"column":0},"end":{"line":26,"column":15}},"loc":{"start":{"line":26,"column":0},"end":{"line":26,"column":15}}},"1":{"name":"(anonymous_1)","decl":{"start":{"line":9,"column":20},"end":{"line":9,"column":21}},"loc":{"start":{"line":9,"column":49},"end":{"line":24,"column":1}}}},"branchMap":{},"s":{"0":0,"1":1,"2":1,"3":0,"4":0,"5":1},"f":{"0":0,"1":0},"b":{}}
,"D:\\ASD\\Time_Buddy\\time_buddy_client\\src\\components\\support\\frequently-asked-questions.tsx": {"path":"D:\\ASD\\Time_Buddy\\time_buddy_client\\src\\components\\support\\frequently-asked-questions.tsx","statementMap":{"0":{"start":{"line":61,"column":0},"end":{"line":61,"column":15}},"1":{"start":{"line":9,"column":7},"end":{"line":9,"column":null}},"2":{"start":{"line":10,"column":19},"end":{"line":10,"column":null}},"3":{"start":{"line":12,"column":35},"end":{"line":12,"column":null}},"4":{"start":{"line":24,"column":23},"end":{"line":41,"column":1}},"5":{"start":{"line":25,"column":17},"end":{"line":25,"column":22}},"6":{"start":{"line":26,"column":31},"end":{"line":26,"column":33}},"7":{"start":{"line":28,"column":2},"end":{"line":39,"column":null}},"8":{"start":{"line":43,"column":33},"end":{"line":59,"column":1}},"9":{"start":{"line":44,"column":19},"end":{"line":44,"column":47}},"10":{"start":{"line":46,"column":2},"end":{"line":48,"column":3}},"11":{"start":{"line":47,"column":4},"end":{"line":47,"column":68}},"12":{"start":{"line":50,"column":22},"end":{"line":50,"column":26}},"13":{"start":{"line":52,"column":2},"end":{"line":57,"column":null}},"14":{"start":{"line":55,"column":8},"end":{"line":55,"column":39}},"15":{"start":{"line":61,"column":15},"end":{"line":61,"column":39}}},"fnMap":{"0":{"name":"(anonymous_0)","decl":{"start":{"line":61,"column":0},"end":{"line":61,"column":15}},"loc":{"start":{"line":61,"column":0},"end":{"line":61,"column":15}}},"1":{"name":"(anonymous_2)","decl":{"start":{"line":24,"column":23},"end":{"line":24,"column":24}},"loc":{"start":{"line":24,"column":55},"end":{"line":41,"column":1}}},"2":{"name":"(anonymous_3)","decl":{"start":{"line":43,"column":33},"end":{"line":43,"column":39}},"loc":{"start":{"line":43,"column":39},"end":{"line":59,"column":1}}},"3":{"name":"(anonymous_4)","decl":{"start":{"line":54,"column":19},"end":{"line":54,"column":20}},"loc":{"start":{"line":55,"column":8},"end":{"line":55,"column":39}}}},"branchMap":{"0":{"loc":{"start":{"line":46,"column":2},"end":{"line":48,"column":3}},"type":"if","locations":[{"start":{"line":46,"column":2},"end":{"line":48,"column":3}}]}},"s":{"0":3,"1":2,"2":2,"3":2,"4":2,"5":0,"6":0,"7":0,"8":2,"9":3,"10":3,"11":3,"12":0,"13":0,"14":0,"15":2},"f":{"0":3,"1":0,"2":3,"3":0},"b":{"0":[3]}}
,"D:\\ASD\\Time_Buddy\\time_buddy_client\\src\\constants\\api.ts": {"path":"D:\\ASD\\Time_Buddy\\time_buddy_client\\src\\constants\\api.ts","statementMap":{"0":{"start":{"line":10,"column":13},"end":{"line":10,"column":23}},"1":{"start":{"line":14,"column":13},"end":{"line":14,"column":23}},"2":{"start":{"line":15,"column":13},"end":{"line":15,"column":24}},"3":{"start":{"line":17,"column":13},"end":{"line":17,"column":26}},"4":{"start":{"line":20,"column":13},"end":{"line":20,"column":31}},"5":{"start":{"line":2,"column":20},"end":{"line":2,"column":43}},"6":{"start":{"line":3,"column":19},"end":{"line":3,"column":68}},"7":{"start":{"line":6,"column":16},"end":{"line":6,"column":26}},"8":{"start":{"line":7,"column":24},"end":{"line":7,"column":52}},"9":{"start":{"line":11,"column":2},"end":{"line":12,"column":39}},"10":{"start":{"line":11,"column":20},"end":{"line":12,"column":39}},"11":{"start":{"line":11,"column":37},"end":{"line":12,"column":39}},"12":{"start":{"line":12,"column":4},"end":{"line":12,"column":39}},"13":{"start":{"line":14,"column":26},"end":{"line":14,"column":49}},"14":{"start":{"line":15,"column":27},"end":{"line":15,"column":49}},"15":{"start":{"line":17,"column":29},"end":{"line":17,"column":40}},"16":{"start":{"line":20,"column":34},"end":{"line":20,"column":64}}},"fnMap":{"0":{"name":"(anonymous_1)","decl":{"start":{"line":10,"column":23},"end":{"line":10,"column":null}},"loc":{"start":{"line":10,"column":13},"end":{"line":10,"column":23}}},"1":{"name":"(anonymous_2)","decl":{"start":{"line":14,"column":23},"end":{"line":14,"column":26}},"loc":{"start":{"line":14,"column":13},"end":{"line":14,"column":23}}},"2":{"name":"(anonymous_3)","decl":{"start":{"line":15,"column":24},"end":{"line":15,"column":27}},"loc":{"start":{"line":15,"column":13},"end":{"line":15,"column":24}}},"3":{"name":"(anonymous_4)","decl":{"start":{"line":17,"column":26},"end":{"line":17,"column":29}},"loc":{"start":{"line":17,"column":13},"end":{"line":17,"column":26}}},"4":{"name":"(anonymous_5)","decl":{"start":{"line":20,"column":31},"end":{"line":20,"column":34}},"loc":{"start":{"line":20,"column":13},"end":{"line":20,"column":31}}},"5":{"name":"(anonymous_6)","decl":{"start":{"line":11,"column":2},"end":{"line":11,"column":3}},"loc":{"start":{"line":11,"column":20},"end":{"line":12,"column":39}}},"6":{"name":"(anonymous_7)","decl":{"start":{"line":11,"column":20},"end":{"line":11,"column":21}},"loc":{"start":{"line":11,"column":37},"end":{"line":12,"column":39}}},"7":{"name":"(anonymous_8)","decl":{"start":{"line":11,"column":37},"end":{"line":11,"column":38}},"loc":{"start":{"line":12,"column":4},"end":{"line":12,"column":39}}}},"branchMap":{"0":{"loc":{"start":{"line":12,"column":20},"end":{"line":12,"column":37}},"type":"binary-expr","locations":[{"start":{"line":12,"column":20},"end":{"line":12,"column":31}},{"start":{"line":12,"column":35},"end":{"line":12,"column":37}}]}},"s":{"0":0,"1":0,"2":0,"3":0,"4":3,"5":2,"6":2,"7":2,"8":2,"9":2,"10":4,"11":2,"12":3,"13":2,"14":2,"15":2,"16":2},"f":{"0":0,"1":0,"2":0,"3":0,"4":3,"5":4,"6":2,"7":3},"b":{"0":[3,3]}}
,"D:\\ASD\\Time_Buddy\\time_buddy_client\\src\\hooks\\useDate.ts": {"path":"D:\\ASD\\Time_Buddy\\time_buddy_client\\src\\hooks\\useDate.ts","statementMap":{"0":{"start":{"line":9,"column":16},"end":{"line":46,"column":1}},"1":{"start":{"line":10,"column":17},"end":{"line":10,"column":21}},"2":{"start":{"line":11,"column":27},"end":{"line":11,"column":47}},"3":{"start":{"line":13,"column":2},"end":{"line":22,"column":9}},"4":{"start":{"line":14,"column":18},"end":{"line":18,"column":9}},"5":{"start":{"line":17,"column":6},"end":{"line":17,"column":26}},"6":{"start":{"line":19,"column":4},"end":{"line":21,"column":6}},"7":{"start":{"line":20,"column":6},"end":{"line":20,"column":27}},"8":{"start":{"line":24,"column":14},"end":{"line":24,"column":67}},"9":{"start":{"line":25,"column":15},"end":{"line":27,"column":10}},"10":{"start":{"line":29,"column":15},"end":{"line":29,"column":31}},"11":{"start":{"line":30,"column":15},"end":{"line":32,"column":6}},"12":{"start":{"line":34,"column":15},"end":{"line":39,"column":4}},"13":{"start":{"line":41,"column":2},"end":{"line":45,"column":4}}},"fnMap":{"0":{"name":"(anonymous_0)","decl":{"start":{"line":9,"column":16},"end":{"line":9,"column":34}},"loc":{"start":{"line":9,"column":34},"end":{"line":46,"column":1}}},"1":{"name":"(anonymous_1)","decl":{"start":{"line":13,"column":12},"end":{"line":13,"column":18}},"loc":{"start":{"line":13,"column":18},"end":{"line":22,"column":3}}},"2":{"name":"(anonymous_2)","decl":{"start":{"line":14,"column":30},"end":{"line":14,"column":36}},"loc":{"start":{"line":14,"column":36},"end":{"line":18,"column":5}}},"3":{"name":"(anonymous_3)","decl":{"start":{"line":19,"column":11},"end":{"line":19,"column":17}},"loc":{"start":{"line":19,"column":17},"end":{"line":21,"column":5}}}},"branchMap":{"0":{"loc":{"start":{"line":31,"column":4},"end":{"line":31,"column":71}},"type":"binary-expr","locations":[{"start":{"line":31,"column":4},"end":{"line":31,"column":14}},{"start":{"line":31,"column":18},"end":{"line":31,"column":27}},{"start":{"line":31,"column":33},"end":{"line":31,"column":42}},{"start":{"line":31,"column":46},"end":{"line":31,"column":57}},{"start":{"line":31,"column":62},"end":{"line":31,"column":71}}]}},"s":{"0":0,"1":0,"2":0,"3":0,"4":0,"5":0,"6":0,"7":0,"8":0,"9":0,"10":0,"11":0,"12":0,"13":0},"f":{"0":0,"1":0,"2":0,"3":0},"b":{"0":[0,0,0,0,0]}}
,"D:\\ASD\\Time_Buddy\\time_buddy_client\\src\\pages\\calendar.tsx": {"path":"D:\\ASD\\Time_Buddy\\time_buddy_client\\src\\pages\\calendar.tsx","statementMap":{"0":{"start":{"line":3,"column":17},"end":{"line":3,"column":50}},"1":{"start":{"line":3,"column":23},"end":{"line":3,"column":50}}},"fnMap":{"0":{"name":"(anonymous_0)","decl":{"start":{"line":3,"column":17},"end":{"line":3,"column":23}},"loc":{"start":{"line":3,"column":23},"end":{"line":3,"column":50}}}},"branchMap":{},"s":{"0":0,"1":0},"f":{"0":0},"b":{}}
,"D:\\ASD\\Time_Buddy\\time_buddy_client\\src\\pages\\home.tsx": {"path":"D:\\ASD\\Time_Buddy\\time_buddy_client\\src\\pages\\home.tsx","statementMap":{"0":{"start":{"line":3,"column":13},"end":{"line":3,"column":58}},"1":{"start":{"line":3,"column":19},"end":{"line":3,"column":58}}},"fnMap":{"0":{"name":"(anonymous_0)","decl":{"start":{"line":3,"column":13},"end":{"line":3,"column":19}},"loc":{"start":{"line":3,"column":19},"end":{"line":3,"column":58}}}},"branchMap":{},"s":{"0":0,"1":0},"f":{"0":0},"b":{}}
,"D:\\ASD\\Time_Buddy\\time_buddy_client\\src\\pages\\support.tsx": {"path":"D:\\ASD\\Time_Buddy\\time_buddy_client\\src\\pages\\support.tsx","statementMap":{"0":{"start":{"line":51,"column":0},"end":{"line":51,"column":15}},"1":{"start":{"line":12,"column":7},"end":{"line":12,"column":null}},"2":{"start":{"line":14,"column":37},"end":{"line":14,"column":null}},"3":{"start":{"line":16,"column":16},"end":{"line":48,"column":5}},"4":{"start":{"line":17,"column":2},"end":{"line":48,"column":5}},"5":{"start":{"line":51,"column":15},"end":{"line":51,"column":22}}},"fnMap":{"0":{"name":"(anonymous_0)","decl":{"start":{"line":51,"column":0},"end":{"line":51,"column":15}},"loc":{"start":{"line":51,"column":0},"end":{"line":51,"column":15}}},"1":{"name":"(anonymous_2)","decl":{"start":{"line":16,"column":16},"end":{"line":16,"column":null}},"loc":{"start":{"line":17,"column":2},"end":{"line":48,"column":5}}}},"branchMap":{},"s":{"0":2,"1":1,"2":1,"3":1,"4":2,"5":1},"f":{"0":2,"1":2},"b":{}}
,"D:\\ASD\\Time_Buddy\\time_buddy_client\\src\\pages\\time-converter.tsx": {"path":"D:\\ASD\\Time_Buddy\\time_buddy_client\\src\\pages\\time-converter.tsx","statementMap":{"0":{"start":{"line":29,"column":19},"end":{"line":45,"column":1}},"1":{"start":{"line":30,"column":31},"end":{"line":30,"column":40}},"2":{"start":{"line":32,"column":2},"end":{"line":43,"column":null}},"3":{"start":{"line":48,"column":26},"end":{"line":155,"column":1}},"4":{"start":{"line":49,"column":18},"end":{"line":51,"column":3}},"5":{"start":{"line":53,"column":36},"end":{"line":53,"column":56}},"6":{"start":{"line":54,"column":44},"end":{"line":54,"column":56}},"7":{"start":{"line":56,"column":62},"end":{"line":56,"column":79}},"8":{"start":{"line":57,"column":58},"end":{"line":57,"column":75}},"9":{"start":{"line":58,"column":48},"end":{"line":58,"column":72}},"10":{"start":{"line":59,"column":23},"end":{"line":59,"column":62}},"11":{"start":{"line":61,"column":31},"end":{"line":67,"column":3}},"12":{"start":{"line":62,"column":4},"end":{"line":66,"column":5}},"13":{"start":{"line":63,"column":6},"end":{"line":63,"column":32}},"14":{"start":{"line":65,"column":6},"end":{"line":65,"column":31}},"15":{"start":{"line":69,"column":32},"end":{"line":89,"column":3}},"16":{"start":{"line":70,"column":4},"end":{"line":88,"column":5}},"17":{"start":{"line":71,"column":19},"end":{"line":71,"column":46}},"18":{"start":{"line":72,"column":18},"end":{"line":72,"column":55}},"19":{"start":{"line":74,"column":6},"end":{"line":74,"column":35}},"20":{"start":{"line":75,"column":26},"end":{"line":75,"column":88}},"21":{"start":{"line":76,"column":6},"end":{"line":76,"column":36}},"22":{"start":{"line":78,"column":9},"end":{"line":88,"column":5}},"23":{"start":{"line":79,"column":18},"end":{"line":79,"column":47}},"24":{"start":{"line":80,"column":19},"end":{"line":80,"column":46}},"25":{"start":{"line":81,"column":6},"end":{"line":83,"column":7}},"26":{"start":{"line":82,"column":8},"end":{"line":82,"column":15}},"27":{"start":{"line":85,"column":26},"end":{"line":85,"column":88}},"28":{"start":{"line":86,"column":6},"end":{"line":86,"column":36}},"29":{"start":{"line":91,"column":2},"end":{"line":93,"column":67}},"30":{"start":{"line":92,"column":4},"end":{"line":92,"column":28}},"31":{"start":{"line":95,"column":2},"end":{"line":152,"column":null}},"32":{"start":{"line":122,"column":39},"end":{"line":122,"column":57}},"33":{"start":{"line":163,"column":25},"end":{"line":182,"column":1}},"34":{"start":{"line":164,"column":34},"end":{"line":164,"column":45}},"35":{"start":{"line":165,"column":36},"end":{"line":165,"column":47}},"36":{"start":{"line":166,"column":26},"end":{"line":167,"column":null}},"37":{"start":{"line":170,"column":2},"end":{"line":175,"column":34}},"38":{"start":{"line":171,"column":4},"end":{"line":174,"column":7}},"39":{"start":{"line":172,"column":6},"end":{"line":172,"column":44}},"40":{"start":{"line":173,"column":6},"end":{"line":173,"column":46}},"41":{"start":{"line":177,"column":2},"end":{"line":181,"column":4}},"42":{"start":{"line":185,"column":28},"end":{"line":248,"column":1}},"43":{"start":{"line":186,"column":47},"end":{"line":186,"column":65}},"44":{"start":{"line":188,"column":15},"end":{"line":188,"column":25}},"45":{"start":{"line":189,"column":23},"end":{"line":189,"column":38}},"46":{"start":{"line":191,"column":2},"end":{"line":202,"column":3}},"47":{"start":{"line":192,"column":4},"end":{"line":200,"column":null}},"48":{"start":{"line":204,"column":2},"end":{"line":206,"column":3}},"49":{"start":{"line":205,"column":4},"end":{"line":205,"column":67}},"50":{"start":{"line":208,"column":2},"end":{"line":246,"column":null}},"51":{"start":{"line":250,"column":21},"end":{"line":276,"column":14}},"52":{"start":{"line":251,"column":2},"end":{"line":276,"column":14}},"53":{"start":{"line":283,"column":23},"end":{"line":329,"column":1}},"54":{"start":{"line":284,"column":24},"end":{"line":284,"column":29}},"55":{"start":{"line":286,"column":40},"end":{"line":286,"column":55}},"56":{"start":{"line":287,"column":26},"end":{"line":287,"column":37}},"57":{"start":{"line":288,"column":28},"end":{"line":288,"column":39}},"58":{"start":{"line":289,"column":32},"end":{"line":289,"column":43}},"59":{"start":{"line":290,"column":32},"end":{"line":290,"column":43}},"60":{"start":{"line":292,"column":2},"end":{"line":317,"column":18}},"61":{"start":{"line":293,"column":21},"end":{"line":314,"column":12}},"62":{"start":{"line":294,"column":18},"end":{"line":294,"column":28}},"63":{"start":{"line":295,"column":25},"end":{"line":295,"column":60}},"64":{"start":{"line":297,"column":16},"end":{"line":297,"column":60}},"65":{"start":{"line":298,"column":6},"end":{"line":298,"column":17}},"66":{"start":{"line":300,"column":16},"end":{"line":301,"column":62}},"67":{"start":{"line":303,"column":6},"end":{"line":303,"column":18}},"68":{"start":{"line":305,"column":16},"end":{"line":305,"column":71}},"69":{"start":{"line":306,"column":6},"end":{"line":306,"column":20}},"70":{"start":{"line":308,"column":16},"end":{"line":308,"column":61}},"71":{"start":{"line":309,"column":6},"end":{"line":309,"column":20}},"72":{"start":{"line":311,"column":6},"end":{"line":313,"column":7}},"73":{"start":{"line":312,"column":8},"end":{"line":312,"column":29}},"74":{"start":{"line":316,"column":4},"end":{"line":316,"column":41}},"75":{"start":{"line":316,"column":17},"end":{"line":316,"column":40}},"76":{"start":{"line":319,"column":2},"end":{"line":327,"column":12}},"77":{"start":{"line":331,"column":22},"end":{"line":342,"column":1}},"78":{"start":{"line":332,"column":17},"end":{"line":332,"column":48}},"79":{"start":{"line":334,"column":2},"end":{"line":340,"column":null}}},"fnMap":{"0":{"name":"(anonymous_0)","decl":{"start":{"line":29,"column":19},"end":{"line":29,"column":25}},"loc":{"start":{"line":29,"column":25},"end":{"line":45,"column":1}}},"1":{"name":"(anonymous_1)","decl":{"start":{"line":48,"column":26},"end":{"line":48,"column":32}},"loc":{"start":{"line":48,"column":32},"end":{"line":155,"column":1}}},"2":{"name":"(anonymous_2)","decl":{"start":{"line":61,"column":31},"end":{"line":61,"column":37}},"loc":{"start":{"line":61,"column":37},"end":{"line":67,"column":3}}},"3":{"name":"(anonymous_3)","decl":{"start":{"line":69,"column":32},"end":{"line":69,"column":38}},"loc":{"start":{"line":69,"column":38},"end":{"line":89,"column":3}}},"4":{"name":"(anonymous_4)","decl":{"start":{"line":91,"column":12},"end":{"line":91,"column":16}},"loc":{"start":{"line":91,"column":16},"end":{"line":93,"column":3}}},"5":{"name":"(anonymous_5)","decl":{"start":{"line":122,"column":24},"end":{"line":122,"column":25}},"loc":{"start":{"line":122,"column":39},"end":{"line":122,"column":57}}},"6":{"name":"(anonymous_6)","decl":{"start":{"line":163,"column":25},"end":{"line":163,"column":31}},"loc":{"start":{"line":163,"column":31},"end":{"line":182,"column":1}}},"7":{"name":"(anonymous_7)","decl":{"start":{"line":170,"column":12},"end":{"line":170,"column":18}},"loc":{"start":{"line":170,"column":18},"end":{"line":175,"column":3}}},"8":{"name":"(anonymous_8)","decl":{"start":{"line":171,"column":45},"end":{"line":171,"column":46}},"loc":{"start":{"line":171,"column":59},"end":{"line":174,"column":5}}},"9":{"name":"(anonymous_9)","decl":{"start":{"line":185,"column":28},"end":{"line":185,"column":34}},"loc":{"start":{"line":185,"column":34},"end":{"line":248,"column":1}}},"10":{"name":"(anonymous_10)","decl":{"start":{"line":250,"column":21},"end":{"line":250,"column":null}},"loc":{"start":{"line":251,"column":2},"end":{"line":276,"column":14}}},"11":{"name":"(anonymous_11)","decl":{"start":{"line":283,"column":23},"end":{"line":283,"column":24}},"loc":{"start":{"line":283,"column":55},"end":{"line":329,"column":1}}},"12":{"name":"(anonymous_12)","decl":{"start":{"line":292,"column":12},"end":{"line":292,"column":18}},"loc":{"start":{"line":292,"column":18},"end":{"line":317,"column":3}}},"13":{"name":"(anonymous_13)","decl":{"start":{"line":293,"column":33},"end":{"line":293,"column":39}},"loc":{"start":{"line":293,"column":39},"end":{"line":314,"column":5}}},"14":{"name":"(anonymous_14)","decl":{"start":{"line":316,"column":11},"end":{"line":316,"column":17}},"loc":{"start":{"line":316,"column":17},"end":{"line":316,"column":40}}},"15":{"name":"(anonymous_15)","decl":{"start":{"line":331,"column":22},"end":{"line":331,"column":28}},"loc":{"start":{"line":331,"column":28},"end":{"line":342,"column":1}}}},"branchMap":{"0":{"loc":{"start":{"line":62,"column":4},"end":{"line":66,"column":5}},"type":"if","locations":[{"start":{"line":62,"column":4},"end":{"line":66,"column":5}},{"start":{"line":64,"column":11},"end":{"line":66,"column":5}}]},"1":{"loc":{"start":{"line":70,"column":4},"end":{"line":88,"column":5}},"type":"if","locations":[{"start":{"line":70,"column":4},"end":{"line":88,"column":5}},{"start":{"line":78,"column":9},"end":{"line":88,"column":5}}]},"2":{"loc":{"start":{"line":70,"column":7},"end":{"line":70,"column":77}},"type":"binary-expr","locations":[{"start":{"line":70,"column":7},"end":{"line":70,"column":22}},{"start":{"line":70,"column":26},"end":{"line":70,"column":46}},{"start":{"line":70,"column":50},"end":{"line":70,"column":77}}]},"3":{"loc":{"start":{"line":78,"column":9},"end":{"line":88,"column":5}},"type":"if","locations":[{"start":{"line":78,"column":9},"end":{"line":88,"column":5}}]},"4":{"loc":{"start":{"line":78,"column":12},"end":{"line":78,"column":58}},"type":"binary-expr","locations":[{"start":{"line":78,"column":12},"end":{"line":78,"column":34}},{"start":{"line":78,"column":38},"end":{"line":78,"column":58}}]},"5":{"loc":{"start":{"line":81,"column":6},"end":{"line":83,"column":7}},"type":"if","locations":[{"start":{"line":81,"column":6},"end":{"line":83,"column":7}}]},"6":{"loc":{"start":{"line":81,"column":9},"end":{"line":81,"column":22}},"type":"binary-expr","locations":[{"start":{"line":81,"column":9},"end":{"line":81,"column":13}},{"start":{"line":81,"column":17},"end":{"line":81,"column":22}}]},"7":{"loc":{"start":{"line":179,"column":15},"end":{"line":179,"column":30}},"type":"binary-expr","locations":[{"start":{"line":179,"column":15},"end":{"line":179,"column":21}},{"start":{"line":179,"column":25},"end":{"line":179,"column":30}}]},"8":{"loc":{"start":{"line":191,"column":2},"end":{"line":202,"column":3}},"type":"if","locations":[{"start":{"line":191,"column":2},"end":{"line":202,"column":3}}]},"9":{"loc":{"start":{"line":204,"column":2},"end":{"line":206,"column":3}},"type":"if","locations":[{"start":{"line":204,"column":2},"end":{"line":206,"column":3}}]},"10":{"loc":{"start":{"line":311,"column":6},"end":{"line":313,"column":7}},"type":"if","locations":[{"start":{"line":311,"column":6},"end":{"line":313,"column":7}}]},"11":{"loc":{"start":{"line":311,"column":10},"end":{"line":311,"column":46}},"type":"binary-expr","locations":[{"start":{"line":311,"column":10},"end":{"line":311,"column":16}},{"start":{"line":311,"column":20},"end":{"line":311,"column":26}},{"start":{"line":311,"column":30},"end":{"line":311,"column":36}},{"start":{"line":311,"column":40},"end":{"line":311,"column":46}}]},"12":{"loc":{"start":{"line":319,"column":9},"end":{"line":327,"column":12}},"type":"cond-expr","locations":[{"start":{"line":320,"column":4},"end":{"line":322,"column":null}},{"start":{"line":324,"column":4},"end":{"line":327,"column":12}}]}},"s":{"0":0,"1":0,"2":0,"3":0,"4":0,"5":0,"6":0,"7":0,"8":0,"9":0,"10":0,"11":0,"12":0,"13":0,"14":0,"15":0,"16":0,"17":0,"18":0,"19":0,"20":0,"21":0,"22":0,"23":0,"24":0,"25":0,"26":0,"27":0,"28":0,"29":0,"30":0,"31":0,"32":0,"33":0,"34":0,"35":0,"36":0,"37":0,"38":0,"39":0,"40":0,"41":0,"42":0,"43":0,"44":0,"45":0,"46":0,"47":0,"48":0,"49":0,"50":0,"51":0,"52":0,"53":0,"54":0,"55":0,"56":0,"57":0,"58":0,"59":0,"60":0,"61":0,"62":0,"63":0,"64":0,"65":0,"66":0,"67":0,"68":0,"69":0,"70":0,"71":0,"72":0,"73":0,"74":0,"75":0,"76":0,"77":0,"78":0,"79":0},"f":{"0":0,"1":0,"2":0,"3":0,"4":0,"5":0,"6":0,"7":0,"8":0,"9":0,"10":0,"11":0,"12":0,"13":0,"14":0,"15":0},"b":{"0":[0,0],"1":[0,0],"2":[0,0,0],"3":[0],"4":[0,0],"5":[0],"6":[0,0],"7":[0,0],"8":[0],"9":[0],"10":[0],"11":[0,0,0,0],"12":[0,0]}}
}
