{"/home/emendoza/Code/University/2022/Semester_2/41026_advanced_software_development/Time_Buddy/time_buddy_client/src/App.tsx": {"path":"/home/emendoza/Code/University/2022/Semester_2/41026_advanced_software_development/Time_Buddy/time_buddy_client/src/App.tsx","statementMap":{"0":{"start":{"line":11,"column":15},"end":{"line":17,"column":8}},"1":{"start":{"line":12,"column":2},"end":{"line":17,"column":8}},"2":{"start":{"line":20,"column":12},"end":{"line":28,"column":11}},"3":{"start":{"line":21,"column":2},"end":{"line":28,"column":11}}},"fnMap":{"0":{"name":"(anonymous_0)","decl":{"start":{"line":11,"column":15},"end":{"line":11,"column":null}},"loc":{"start":{"line":12,"column":2},"end":{"line":17,"column":8}}},"1":{"name":"(anonymous_1)","decl":{"start":{"line":20,"column":12},"end":{"line":20,"column":null}},"loc":{"start":{"line":21,"column":2},"end":{"line":28,"column":11}}}},"branchMap":{},"s":{"0":0,"1":0,"2":0,"3":0},"f":{"0":0,"1":0},"b":{}}
,"/home/emendoza/Code/University/2022/Semester_2/41026_advanced_software_development/Time_Buddy/time_buddy_client/src/_theme_wrapper.tsx": {"path":"/home/emendoza/Code/University/2022/Semester_2/41026_advanced_software_development/Time_Buddy/time_buddy_client/src/_theme_wrapper.tsx","statementMap":{"0":{"start":{"line":8,"column":0},"end":{"line":8,"column":15}},"1":{"start":{"line":1,"column":31},"end":{"line":1,"column":null}},"2":{"start":{"line":2,"column":18},"end":{"line":2,"column":null}},"3":{"start":{"line":4,"column":21},"end":{"line":5,"column":59}},"4":{"start":{"line":5,"column":2},"end":{"line":5,"column":59}},"5":{"start":{"line":8,"column":15},"end":{"line":8,"column":27}}},"fnMap":{"0":{"name":"(anonymous_0)","decl":{"start":{"line":8,"column":0},"end":{"line":8,"column":15}},"loc":{"start":{"line":8,"column":0},"end":{"line":8,"column":15}}},"1":{"name":"(anonymous_2)","decl":{"start":{"line":4,"column":21},"end":{"line":4,"column":22}},"loc":{"start":{"line":5,"column":2},"end":{"line":5,"column":59}}}},"branchMap":{},"s":{"0":1,"1":1,"2":1,"3":1,"4":1,"5":1},"f":{"0":1,"1":1},"b":{}}
,"/home/emendoza/Code/University/2022/Semester_2/41026_advanced_software_development/Time_Buddy/time_buddy_client/src/main.tsx": {"path":"/home/emendoza/Code/University/2022/Semester_2/41026_advanced_software_development/Time_Buddy/time_buddy_client/src/main.tsx","statementMap":{"0":{"start":{"line":20,"column":4},"end":{"line":20,"column":19}},"1":{"start":{"line":21,"column":4},"end":{"line":21,"column":27}},"2":{"start":{"line":22,"column":4},"end":{"line":22,"column":54}},"3":{"start":{"line":26,"column":25},"end":{"line":37,"column":1}},"4":{"start":{"line":27,"column":14},"end":{"line":27,"column":30}},"5":{"start":{"line":29,"column":2},"end":{"line":34,"column":3}},"6":{"start":{"line":30,"column":18},"end":{"line":30,"column":76}},"7":{"start":{"line":31,"column":4},"end":{"line":31,"column":34}},"8":{"start":{"line":32,"column":4},"end":{"line":32,"column":30}},"9":{"start":{"line":33,"column":4},"end":{"line":33,"column":16}},"10":{"start":{"line":36,"column":2},"end":{"line":36,"column":20}},"11":{"start":{"line":39,"column":36},"end":{"line":39,"column":47}},"12":{"start":{"line":41,"column":0},"end":{"line":52,"column":2}}},"fnMap":{"0":{"name":"(anonymous_0)","decl":{"start":{"line":19,"column":2},"end":{"line":19,"column":14}},"loc":{"start":{"line":19,"column":32},"end":{"line":23,"column":null}}},"1":{"name":"(anonymous_1)","decl":{"start":{"line":26,"column":25},"end":{"line":26,"column":32}},"loc":{"start":{"line":26,"column":48},"end":{"line":37,"column":1}}}},"branchMap":{"0":{"loc":{"start":{"line":29,"column":2},"end":{"line":34,"column":3}},"type":"if","locations":[{"start":{"line":29,"column":2},"end":{"line":34,"column":3}}]}},"s":{"0":0,"1":0,"2":0,"3":0,"4":0,"5":0,"6":0,"7":0,"8":0,"9":0,"10":0,"11":0,"12":0},"f":{"0":0,"1":0},"b":{"0":[0]}}
,"/home/emendoza/Code/University/2022/Semester_2/41026_advanced_software_development/Time_Buddy/time_buddy_client/src/theme.ts": {"path":"/home/emendoza/Code/University/2022/Semester_2/41026_advanced_software_development/Time_Buddy/time_buddy_client/src/theme.ts","statementMap":{"0":{"start":{"line":12,"column":0},"end":{"line":12,"column":15}},"1":{"start":{"line":1,"column":28},"end":{"line":1,"column":null}},"2":{"start":{"line":2,"column":34},"end":{"line":2,"column":null}},"3":{"start":{"line":5,"column":28},"end":{"line":8,"column":1}},"4":{"start":{"line":10,"column":14},"end":{"line":10,"column":50}},"5":{"start":{"line":12,"column":15},"end":{"line":12,"column":20}}},"fnMap":{"0":{"name":"(anonymous_0)","decl":{"start":{"line":12,"column":0},"end":{"line":12,"column":15}},"loc":{"start":{"line":12,"column":0},"end":{"line":12,"column":15}}}},"branchMap":{},"s":{"0":1,"1":1,"2":1,"3":1,"4":1,"5":1},"f":{"0":1},"b":{}}
,"/home/emendoza/Code/University/2022/Semester_2/41026_advanced_software_development/Time_Buddy/time_buddy_client/src/components/logo.tsx": {"path":"/home/emendoza/Code/University/2022/Semester_2/41026_advanced_software_development/Time_Buddy/time_buddy_client/src/components/logo.tsx","statementMap":{"0":{"start":{"line":9,"column":0},"end":{"line":9,"column":15}},"1":{"start":{"line":1,"column":24},"end":{"line":1,"column":null}},"2":{"start":{"line":3,"column":13},"end":{"line":6,"column":12}},"3":{"start":{"line":4,"column":2},"end":{"line":6,"column":12}},"4":{"start":{"line":9,"column":15},"end":{"line":9,"column":19}}},"fnMap":{"0":{"name":"(anonymous_0)","decl":{"start":{"line":9,"column":0},"end":{"line":9,"column":15}},"loc":{"start":{"line":9,"column":0},"end":{"line":9,"column":15}}},"1":{"name":"(anonymous_1)","decl":{"start":{"line":3,"column":13},"end":{"line":3,"column":null}},"loc":{"start":{"line":4,"column":2},"end":{"line":6,"column":12}}}},"branchMap":{},"s":{"0":3,"1":1,"2":1,"3":3,"4":1},"f":{"0":3,"1":3},"b":{}}
,"/home/emendoza/Code/University/2022/Semester_2/41026_advanced_software_development/Time_Buddy/time_buddy_client/src/components/nav-button.tsx": {"path":"/home/emendoza/Code/University/2022/Semester_2/41026_advanced_software_development/Time_Buddy/time_buddy_client/src/components/nav-button.tsx","statementMap":{"0":{"start":{"line":28,"column":0},"end":{"line":28,"column":15}},"1":{"start":{"line":1,"column":31},"end":{"line":1,"column":null}},"2":{"start":{"line":2,"column":60},"end":{"line":2,"column":null}},"3":{"start":{"line":10,"column":18},"end":{"line":26,"column":1}},"4":{"start":{"line":11,"column":46},"end":{"line":11,"column":51}},"5":{"start":{"line":12,"column":2},"end":{"line":24,"column":null}},"6":{"start":{"line":28,"column":15},"end":{"line":28,"column":24}}},"fnMap":{"0":{"name":"(anonymous_0)","decl":{"start":{"line":28,"column":0},"end":{"line":28,"column":15}},"loc":{"start":{"line":28,"column":0},"end":{"line":28,"column":15}}},"1":{"name":"(anonymous_1)","decl":{"start":{"line":10,"column":18},"end":{"line":10,"column":19}},"loc":{"start":{"line":10,"column":45},"end":{"line":26,"column":1}}}},"branchMap":{},"s":{"0":0,"1":1,"2":1,"3":1,"4":0,"5":0,"6":1},"f":{"0":0,"1":0},"b":{}}
,"/home/emendoza/Code/University/2022/Semester_2/41026_advanced_software_development/Time_Buddy/time_buddy_client/src/components/navbar.tsx": {"path":"/home/emendoza/Code/University/2022/Semester_2/41026_advanced_software_development/Time_Buddy/time_buddy_client/src/components/navbar.tsx","statementMap":{"0":{"start":{"line":98,"column":0},"end":{"line":98,"column":15}},"1":{"start":{"line":1,"column":31},"end":{"line":1,"column":null}},"2":{"start":{"line":16,"column":7},"end":{"line":16,"column":null}},"3":{"start":{"line":17,"column":29},"end":{"line":17,"column":null}},"4":{"start":{"line":19,"column":20},"end":{"line":19,"column":null}},"5":{"start":{"line":20,"column":17},"end":{"line":20,"column":null}},"6":{"start":{"line":21,"column":25},"end":{"line":21,"column":null}},"7":{"start":{"line":23,"column":15},"end":{"line":96,"column":1}},"8":{"start":{"line":24,"column":20},"end":{"line":24,"column":65}},"9":{"start":{"line":25,"column":40},"end":{"line":25,"column":55}},"10":{"start":{"line":27,"column":2},"end":{"line":94,"column":null}},"11":{"start":{"line":98,"column":15},"end":{"line":98,"column":21}}},"fnMap":{"0":{"name":"(anonymous_0)","decl":{"start":{"line":98,"column":0},"end":{"line":98,"column":15}},"loc":{"start":{"line":98,"column":0},"end":{"line":98,"column":15}}},"1":{"name":"(anonymous_2)","decl":{"start":{"line":23,"column":15},"end":{"line":23,"column":21}},"loc":{"start":{"line":23,"column":21},"end":{"line":96,"column":1}}}},"branchMap":{"0":{"loc":{"start":{"line":38,"column":13},"end":{"line":49,"column":28}},"type":"binary-expr","locations":[{"start":{"line":38,"column":13},"end":{"line":38,"column":22}},{"start":{"line":39,"column":14},"end":{"line":49,"column":28}}]},"1":{"loc":{"start":{"line":52,"column":11},"end":{"line":90,"column":15}},"type":"cond-expr","locations":[{"start":{"line":53,"column":12},"end":{"line":68,"column":null}},{"start":{"line":70,"column":12},"end":{"line":90,"column":15}}]}},"s":{"0":1,"1":1,"2":1,"3":1,"4":1,"5":1,"6":1,"7":1,"8":3,"9":3,"10":3,"11":1},"f":{"0":1,"1":3},"b":{"0":[3,0],"1":[0,3]}}
,"/home/emendoza/Code/University/2022/Semester_2/41026_advanced_software_development/Time_Buddy/time_buddy_client/src/components/sidebar.tsx": {"path":"/home/emendoza/Code/University/2022/Semester_2/41026_advanced_software_development/Time_Buddy/time_buddy_client/src/components/sidebar.tsx","statementMap":{"0":{"start":{"line":67,"column":0},"end":{"line":67,"column":15}},"1":{"start":{"line":1,"column":21},"end":{"line":1,"column":null}},"2":{"start":{"line":9,"column":7},"end":{"line":9,"column":null}},"3":{"start":{"line":16,"column":7},"end":{"line":16,"column":null}},"4":{"start":{"line":18,"column":17},"end":{"line":18,"column":null}},"5":{"start":{"line":19,"column":22},"end":{"line":19,"column":null}},"6":{"start":{"line":20,"column":24},"end":{"line":20,"column":null}},"7":{"start":{"line":22,"column":16},"end":{"line":64,"column":9}},"8":{"start":{"line":23,"column":2},"end":{"line":64,"column":9}},"9":{"start":{"line":67,"column":15},"end":{"line":67,"column":22}}},"fnMap":{"0":{"name":"(anonymous_0)","decl":{"start":{"line":67,"column":0},"end":{"line":67,"column":15}},"loc":{"start":{"line":67,"column":0},"end":{"line":67,"column":15}}},"1":{"name":"(anonymous_2)","decl":{"start":{"line":22,"column":16},"end":{"line":22,"column":null}},"loc":{"start":{"line":23,"column":2},"end":{"line":64,"column":9}}}},"branchMap":{},"s":{"0":3,"1":1,"2":1,"3":1,"4":1,"5":1,"6":1,"7":1,"8":0,"9":1},"f":{"0":3,"1":0},"b":{}}
,"/home/emendoza/Code/University/2022/Semester_2/41026_advanced_software_development/Time_Buddy/time_buddy_client/src/components/toggle-button.tsx": {"path":"/home/emendoza/Code/University/2022/Semester_2/41026_advanced_software_development/Time_Buddy/time_buddy_client/src/components/toggle-button.tsx","statementMap":{"0":{"start":{"line":62,"column":0},"end":{"line":62,"column":15}},"1":{"start":{"line":1,"column":57},"end":{"line":1,"column":null}},"2":{"start":{"line":3,"column":12},"end":{"line":15,"column":2}},"3":{"start":{"line":17,"column":19},"end":{"line":41,"column":1}},"4":{"start":{"line":18,"column":21},"end":{"line":18,"column":26}},"5":{"start":{"line":19,"column":2},"end":{"line":39,"column":null}},"6":{"start":{"line":47,"column":21},"end":{"line":60,"column":1}},"7":{"start":{"line":48,"column":41},"end":{"line":48,"column":46}},"8":{"start":{"line":49,"column":2},"end":{"line":58,"column":null}},"9":{"start":{"line":62,"column":15},"end":{"line":62,"column":27}}},"fnMap":{"0":{"name":"(anonymous_0)","decl":{"start":{"line":62,"column":0},"end":{"line":62,"column":15}},"loc":{"start":{"line":62,"column":0},"end":{"line":62,"column":15}}},"1":{"name":"(anonymous_1)","decl":{"start":{"line":17,"column":19},"end":{"line":17,"column":20}},"loc":{"start":{"line":17,"column":51},"end":{"line":41,"column":1}}},"2":{"name":"(anonymous_2)","decl":{"start":{"line":47,"column":21},"end":{"line":47,"column":22}},"loc":{"start":{"line":47,"column":51},"end":{"line":60,"column":1}}}},"branchMap":{"0":{"loc":{"start":{"line":22,"column":19},"end":{"line":22,"column":42}},"type":"cond-expr","locations":[{"start":{"line":22,"column":28},"end":{"line":22,"column":30}},{"start":{"line":22,"column":33},"end":{"line":22,"column":42}}]}},"s":{"0":3,"1":1,"2":1,"3":1,"4":3,"5":3,"6":1,"7":3,"8":3,"9":1},"f":{"0":3,"1":3,"2":3},"b":{"0":[0,3]}}
,"/home/emendoza/Code/University/2022/Semester_2/41026_advanced_software_development/Time_Buddy/time_buddy_client/src/components/user-profile.tsx": {"path":"/home/emendoza/Code/University/2022/Semester_2/41026_advanced_software_development/Time_Buddy/time_buddy_client/src/components/user-profile.tsx","statementMap":{"0":{"start":{"line":26,"column":0},"end":{"line":26,"column":15}},"1":{"start":{"line":1,"column":42},"end":{"line":1,"column":null}},"2":{"start":{"line":9,"column":20},"end":{"line":24,"column":1}},"3":{"start":{"line":10,"column":33},"end":{"line":10,"column":38}},"4":{"start":{"line":11,"column":2},"end":{"line":22,"column":null}},"5":{"start":{"line":26,"column":15},"end":{"line":26,"column":26}}},"fnMap":{"0":{"name":"(anonymous_0)","decl":{"start":{"line":26,"column":0},"end":{"line":26,"column":15}},"loc":{"start":{"line":26,"column":0},"end":{"line":26,"column":15}}},"1":{"name":"(anonymous_1)","decl":{"start":{"line":9,"column":20},"end":{"line":9,"column":21}},"loc":{"start":{"line":9,"column":49},"end":{"line":24,"column":1}}}},"branchMap":{},"s":{"0":0,"1":1,"2":1,"3":0,"4":0,"5":1},"f":{"0":0,"1":0},"b":{}}
,"/home/emendoza/Code/University/2022/Semester_2/41026_advanced_software_development/Time_Buddy/time_buddy_client/src/components/support/frequently-asked-questions.tsx": {"path":"/home/emendoza/Code/University/2022/Semester_2/41026_advanced_software_development/Time_Buddy/time_buddy_client/src/components/support/frequently-asked-questions.tsx","statementMap":{"0":{"start":{"line":59,"column":0},"end":{"line":59,"column":15}},"1":{"start":{"line":9,"column":7},"end":{"line":9,"column":null}},"2":{"start":{"line":10,"column":19},"end":{"line":10,"column":null}},"3":{"start":{"line":22,"column":23},"end":{"line":39,"column":1}},"4":{"start":{"line":23,"column":17},"end":{"line":23,"column":22}},"5":{"start":{"line":24,"column":31},"end":{"line":24,"column":33}},"6":{"start":{"line":26,"column":2},"end":{"line":37,"column":null}},"7":{"start":{"line":41,"column":33},"end":{"line":57,"column":1}},"8":{"start":{"line":42,"column":19},"end":{"line":42,"column":74}},"9":{"start":{"line":44,"column":2},"end":{"line":46,"column":3}},"10":{"start":{"line":45,"column":4},"end":{"line":45,"column":42}},"11":{"start":{"line":48,"column":22},"end":{"line":48,"column":26}},"12":{"start":{"line":50,"column":2},"end":{"line":55,"column":null}},"13":{"start":{"line":53,"column":8},"end":{"line":53,"column":39}},"14":{"start":{"line":59,"column":15},"end":{"line":59,"column":39}}},"fnMap":{"0":{"name":"(anonymous_0)","decl":{"start":{"line":59,"column":0},"end":{"line":59,"column":15}},"loc":{"start":{"line":59,"column":0},"end":{"line":59,"column":15}}},"1":{"name":"(anonymous_2)","decl":{"start":{"line":22,"column":23},"end":{"line":22,"column":24}},"loc":{"start":{"line":22,"column":55},"end":{"line":39,"column":1}}},"2":{"name":"(anonymous_3)","decl":{"start":{"line":41,"column":33},"end":{"line":41,"column":39}},"loc":{"start":{"line":41,"column":39},"end":{"line":57,"column":1}}},"3":{"name":"(anonymous_4)","decl":{"start":{"line":52,"column":19},"end":{"line":52,"column":20}},"loc":{"start":{"line":53,"column":8},"end":{"line":53,"column":39}}}},"branchMap":{"0":{"loc":{"start":{"line":44,"column":2},"end":{"line":46,"column":3}},"type":"if","locations":[{"start":{"line":44,"column":2},"end":{"line":46,"column":3}}]}},"s":{"0":3,"1":1,"2":1,"3":1,"4":0,"5":0,"6":0,"7":1,"8":3,"9":2,"10":2,"11":0,"12":0,"13":0,"14":1},"f":{"0":3,"1":0,"2":3,"3":0},"b":{"0":[2]}}
,"/home/emendoza/Code/University/2022/Semester_2/41026_advanced_software_development/Time_Buddy/time_buddy_client/src/constants/supabase.ts": {"path":"/home/emendoza/Code/University/2022/Semester_2/41026_advanced_software_development/Time_Buddy/time_buddy_client/src/constants/supabase.ts","statementMap":{"0":{"start":{"line":1,"column":27},"end":{"line":1,"column":69}},"1":{"start":{"line":3,"column":2},"end":{"line":3,"column":212}}},"fnMap":{},"branchMap":{},"s":{"0":0,"1":0},"f":{},"b":{}}
,"/home/emendoza/Code/University/2022/Semester_2/41026_advanced_software_development/Time_Buddy/time_buddy_client/src/hooks/useDate.ts": {"path":"/home/emendoza/Code/University/2022/Semester_2/41026_advanced_software_development/Time_Buddy/time_buddy_client/src/hooks/useDate.ts","statementMap":{"0":{"start":{"line":9,"column":16},"end":{"line":46,"column":1}},"1":{"start":{"line":10,"column":17},"end":{"line":10,"column":21}},"2":{"start":{"line":11,"column":27},"end":{"line":11,"column":47}},"3":{"start":{"line":13,"column":2},"end":{"line":22,"column":9}},"4":{"start":{"line":14,"column":18},"end":{"line":18,"column":9}},"5":{"start":{"line":17,"column":6},"end":{"line":17,"column":26}},"6":{"start":{"line":19,"column":4},"end":{"line":21,"column":6}},"7":{"start":{"line":20,"column":6},"end":{"line":20,"column":27}},"8":{"start":{"line":24,"column":14},"end":{"line":24,"column":67}},"9":{"start":{"line":25,"column":15},"end":{"line":27,"column":10}},"10":{"start":{"line":29,"column":15},"end":{"line":29,"column":31}},"11":{"start":{"line":30,"column":15},"end":{"line":32,"column":6}},"12":{"start":{"line":34,"column":15},"end":{"line":39,"column":4}},"13":{"start":{"line":41,"column":2},"end":{"line":45,"column":4}}},"fnMap":{"0":{"name":"(anonymous_0)","decl":{"start":{"line":9,"column":16},"end":{"line":9,"column":34}},"loc":{"start":{"line":9,"column":34},"end":{"line":46,"column":1}}},"1":{"name":"(anonymous_1)","decl":{"start":{"line":13,"column":12},"end":{"line":13,"column":18}},"loc":{"start":{"line":13,"column":18},"end":{"line":22,"column":3}}},"2":{"name":"(anonymous_2)","decl":{"start":{"line":14,"column":30},"end":{"line":14,"column":36}},"loc":{"start":{"line":14,"column":36},"end":{"line":18,"column":5}}},"3":{"name":"(anonymous_3)","decl":{"start":{"line":19,"column":11},"end":{"line":19,"column":17}},"loc":{"start":{"line":19,"column":17},"end":{"line":21,"column":5}}}},"branchMap":{"0":{"loc":{"start":{"line":31,"column":4},"end":{"line":31,"column":71}},"type":"binary-expr","locations":[{"start":{"line":31,"column":4},"end":{"line":31,"column":14}},{"start":{"line":31,"column":18},"end":{"line":31,"column":27}},{"start":{"line":31,"column":33},"end":{"line":31,"column":42}},{"start":{"line":31,"column":46},"end":{"line":31,"column":57}},{"start":{"line":31,"column":62},"end":{"line":31,"column":71}}]}},"s":{"0":0,"1":0,"2":0,"3":0,"4":0,"5":0,"6":0,"7":0,"8":0,"9":0,"10":0,"11":0,"12":0,"13":0},"f":{"0":0,"1":0,"2":0,"3":0},"b":{"0":[0,0,0,0,0]}}
,"/home/emendoza/Code/University/2022/Semester_2/41026_advanced_software_development/Time_Buddy/time_buddy_client/src/pages/calendar.tsx": {"path":"/home/emendoza/Code/University/2022/Semester_2/41026_advanced_software_development/Time_Buddy/time_buddy_client/src/pages/calendar.tsx","statementMap":{"0":{"start":{"line":3,"column":17},"end":{"line":3,"column":50}},"1":{"start":{"line":3,"column":23},"end":{"line":3,"column":50}}},"fnMap":{"0":{"name":"(anonymous_0)","decl":{"start":{"line":3,"column":17},"end":{"line":3,"column":23}},"loc":{"start":{"line":3,"column":23},"end":{"line":3,"column":50}}}},"branchMap":{},"s":{"0":0,"1":0},"f":{"0":0},"b":{}}
,"/home/emendoza/Code/University/2022/Semester_2/41026_advanced_software_development/Time_Buddy/time_buddy_client/src/pages/home.tsx": {"path":"/home/emendoza/Code/University/2022/Semester_2/41026_advanced_software_development/Time_Buddy/time_buddy_client/src/pages/home.tsx","statementMap":{"0":{"start":{"line":3,"column":13},"end":{"line":3,"column":58}},"1":{"start":{"line":3,"column":19},"end":{"line":3,"column":58}}},"fnMap":{"0":{"name":"(anonymous_0)","decl":{"start":{"line":3,"column":13},"end":{"line":3,"column":19}},"loc":{"start":{"line":3,"column":19},"end":{"line":3,"column":58}}}},"branchMap":{},"s":{"0":0,"1":0},"f":{"0":0},"b":{}}
,"/home/emendoza/Code/University/2022/Semester_2/41026_advanced_software_development/Time_Buddy/time_buddy_client/src/pages/support.tsx": {"path":"/home/emendoza/Code/University/2022/Semester_2/41026_advanced_software_development/Time_Buddy/time_buddy_client/src/pages/support.tsx","statementMap":{"0":{"start":{"line":47,"column":0},"end":{"line":47,"column":15}},"1":{"start":{"line":12,"column":7},"end":{"line":12,"column":null}},"2":{"start":{"line":14,"column":37},"end":{"line":14,"column":null}},"3":{"start":{"line":16,"column":16},"end":{"line":44,"column":5}},"4":{"start":{"line":17,"column":2},"end":{"line":44,"column":5}},"5":{"start":{"line":47,"column":15},"end":{"line":47,"column":22}}},"fnMap":{"0":{"name":"(anonymous_0)","decl":{"start":{"line":47,"column":0},"end":{"line":47,"column":15}},"loc":{"start":{"line":47,"column":0},"end":{"line":47,"column":15}}},"1":{"name":"(anonymous_2)","decl":{"start":{"line":16,"column":16},"end":{"line":16,"column":null}},"loc":{"start":{"line":17,"column":2},"end":{"line":44,"column":5}}}},"branchMap":{},"s":{"0":1,"1":1,"2":1,"3":1,"4":3,"5":1},"f":{"0":1,"1":3},"b":{}}
,"/home/emendoza/Code/University/2022/Semester_2/41026_advanced_software_development/Time_Buddy/time_buddy_client/src/pages/time-converter.tsx": {"path":"/home/emendoza/Code/University/2022/Semester_2/41026_advanced_software_development/Time_Buddy/time_buddy_client/src/pages/time-converter.tsx","statementMap":{"0":{"start":{"line":18,"column":19},"end":{"line":34,"column":1}},"1":{"start":{"line":19,"column":31},"end":{"line":19,"column":40}},"2":{"start":{"line":21,"column":2},"end":{"line":32,"column":null}},"3":{"start":{"line":42,"column":25},"end":{"line":61,"column":1}},"4":{"start":{"line":43,"column":34},"end":{"line":43,"column":45}},"5":{"start":{"line":44,"column":36},"end":{"line":44,"column":47}},"6":{"start":{"line":45,"column":26},"end":{"line":46,"column":null}},"7":{"start":{"line":49,"column":2},"end":{"line":54,"column":34}},"8":{"start":{"line":50,"column":4},"end":{"line":53,"column":7}},"9":{"start":{"line":51,"column":6},"end":{"line":51,"column":44}},"10":{"start":{"line":52,"column":6},"end":{"line":52,"column":46}},"11":{"start":{"line":56,"column":2},"end":{"line":60,"column":4}},"12":{"start":{"line":64,"column":28},"end":{"line":127,"column":1}},"13":{"start":{"line":65,"column":47},"end":{"line":65,"column":65}},"14":{"start":{"line":67,"column":15},"end":{"line":67,"column":25}},"15":{"start":{"line":68,"column":23},"end":{"line":68,"column":38}},"16":{"start":{"line":70,"column":2},"end":{"line":81,"column":3}},"17":{"start":{"line":71,"column":4},"end":{"line":79,"column":null}},"18":{"start":{"line":83,"column":2},"end":{"line":85,"column":3}},"19":{"start":{"line":84,"column":4},"end":{"line":84,"column":67}},"20":{"start":{"line":87,"column":2},"end":{"line":125,"column":null}},"21":{"start":{"line":129,"column":21},"end":{"line":155,"column":14}},"22":{"start":{"line":130,"column":2},"end":{"line":155,"column":14}},"23":{"start":{"line":162,"column":23},"end":{"line":208,"column":1}},"24":{"start":{"line":163,"column":24},"end":{"line":163,"column":29}},"25":{"start":{"line":165,"column":40},"end":{"line":165,"column":55}},"26":{"start":{"line":166,"column":26},"end":{"line":166,"column":37}},"27":{"start":{"line":167,"column":28},"end":{"line":167,"column":39}},"28":{"start":{"line":168,"column":32},"end":{"line":168,"column":43}},"29":{"start":{"line":169,"column":32},"end":{"line":169,"column":43}},"30":{"start":{"line":171,"column":2},"end":{"line":196,"column":18}},"31":{"start":{"line":172,"column":21},"end":{"line":193,"column":12}},"32":{"start":{"line":173,"column":18},"end":{"line":173,"column":28}},"33":{"start":{"line":174,"column":25},"end":{"line":174,"column":60}},"34":{"start":{"line":176,"column":16},"end":{"line":176,"column":60}},"35":{"start":{"line":177,"column":6},"end":{"line":177,"column":17}},"36":{"start":{"line":179,"column":16},"end":{"line":180,"column":62}},"37":{"start":{"line":182,"column":6},"end":{"line":182,"column":18}},"38":{"start":{"line":184,"column":16},"end":{"line":184,"column":71}},"39":{"start":{"line":185,"column":6},"end":{"line":185,"column":20}},"40":{"start":{"line":187,"column":16},"end":{"line":187,"column":61}},"41":{"start":{"line":188,"column":6},"end":{"line":188,"column":20}},"42":{"start":{"line":190,"column":6},"end":{"line":192,"column":7}},"43":{"start":{"line":191,"column":8},"end":{"line":191,"column":29}},"44":{"start":{"line":195,"column":4},"end":{"line":195,"column":41}},"45":{"start":{"line":195,"column":17},"end":{"line":195,"column":40}},"46":{"start":{"line":198,"column":2},"end":{"line":206,"column":12}},"47":{"start":{"line":210,"column":22},"end":{"line":220,"column":1}},"48":{"start":{"line":211,"column":17},"end":{"line":211,"column":48}},"49":{"start":{"line":213,"column":2},"end":{"line":218,"column":null}}},"fnMap":{"0":{"name":"(anonymous_0)","decl":{"start":{"line":18,"column":19},"end":{"line":18,"column":25}},"loc":{"start":{"line":18,"column":25},"end":{"line":34,"column":1}}},"1":{"name":"(anonymous_1)","decl":{"start":{"line":42,"column":25},"end":{"line":42,"column":31}},"loc":{"start":{"line":42,"column":31},"end":{"line":61,"column":1}}},"2":{"name":"(anonymous_2)","decl":{"start":{"line":49,"column":12},"end":{"line":49,"column":18}},"loc":{"start":{"line":49,"column":18},"end":{"line":54,"column":3}}},"3":{"name":"(anonymous_3)","decl":{"start":{"line":50,"column":45},"end":{"line":50,"column":46}},"loc":{"start":{"line":50,"column":59},"end":{"line":53,"column":5}}},"4":{"name":"(anonymous_4)","decl":{"start":{"line":64,"column":28},"end":{"line":64,"column":34}},"loc":{"start":{"line":64,"column":34},"end":{"line":127,"column":1}}},"5":{"name":"(anonymous_5)","decl":{"start":{"line":129,"column":21},"end":{"line":129,"column":null}},"loc":{"start":{"line":130,"column":2},"end":{"line":155,"column":14}}},"6":{"name":"(anonymous_6)","decl":{"start":{"line":162,"column":23},"end":{"line":162,"column":24}},"loc":{"start":{"line":162,"column":55},"end":{"line":208,"column":1}}},"7":{"name":"(anonymous_7)","decl":{"start":{"line":171,"column":12},"end":{"line":171,"column":18}},"loc":{"start":{"line":171,"column":18},"end":{"line":196,"column":3}}},"8":{"name":"(anonymous_8)","decl":{"start":{"line":172,"column":33},"end":{"line":172,"column":39}},"loc":{"start":{"line":172,"column":39},"end":{"line":193,"column":5}}},"9":{"name":"(anonymous_9)","decl":{"start":{"line":195,"column":11},"end":{"line":195,"column":17}},"loc":{"start":{"line":195,"column":17},"end":{"line":195,"column":40}}},"10":{"name":"(anonymous_10)","decl":{"start":{"line":210,"column":22},"end":{"line":210,"column":28}},"loc":{"start":{"line":210,"column":28},"end":{"line":220,"column":1}}}},"branchMap":{"0":{"loc":{"start":{"line":58,"column":15},"end":{"line":58,"column":30}},"type":"binary-expr","locations":[{"start":{"line":58,"column":15},"end":{"line":58,"column":21}},{"start":{"line":58,"column":25},"end":{"line":58,"column":30}}]},"1":{"loc":{"start":{"line":70,"column":2},"end":{"line":81,"column":3}},"type":"if","locations":[{"start":{"line":70,"column":2},"end":{"line":81,"column":3}}]},"2":{"loc":{"start":{"line":83,"column":2},"end":{"line":85,"column":3}},"type":"if","locations":[{"start":{"line":83,"column":2},"end":{"line":85,"column":3}}]},"3":{"loc":{"start":{"line":190,"column":6},"end":{"line":192,"column":7}},"type":"if","locations":[{"start":{"line":190,"column":6},"end":{"line":192,"column":7}}]},"4":{"loc":{"start":{"line":190,"column":10},"end":{"line":190,"column":46}},"type":"binary-expr","locations":[{"start":{"line":190,"column":10},"end":{"line":190,"column":16}},{"start":{"line":190,"column":20},"end":{"line":190,"column":26}},{"start":{"line":190,"column":30},"end":{"line":190,"column":36}},{"start":{"line":190,"column":40},"end":{"line":190,"column":46}}]},"5":{"loc":{"start":{"line":198,"column":9},"end":{"line":206,"column":12}},"type":"cond-expr","locations":[{"start":{"line":199,"column":4},"end":{"line":201,"column":null}},{"start":{"line":203,"column":4},"end":{"line":206,"column":12}}]}},"s":{"0":0,"1":0,"2":0,"3":0,"4":0,"5":0,"6":0,"7":0,"8":0,"9":0,"10":0,"11":0,"12":0,"13":0,"14":0,"15":0,"16":0,"17":0,"18":0,"19":0,"20":0,"21":0,"22":0,"23":0,"24":0,"25":0,"26":0,"27":0,"28":0,"29":0,"30":0,"31":0,"32":0,"33":0,"34":0,"35":0,"36":0,"37":0,"38":0,"39":0,"40":0,"41":0,"42":0,"43":0,"44":0,"45":0,"46":0,"47":0,"48":0,"49":0},"f":{"0":0,"1":0,"2":0,"3":0,"4":0,"5":0,"6":0,"7":0,"8":0,"9":0,"10":0},"b":{"0":[0,0],"1":[0],"2":[0],"3":[0],"4":[0,0,0,0],"5":[0,0]}}
}
