TN:
SF:src/App.tsx
FN:11,(anonymous_0)
FN:20,(anonymous_1)
FNF:2
FNH:0
FNDA:0,(anonymous_0)
FNDA:0,(anonymous_1)
DA:11,0
DA:12,0
DA:20,0
DA:21,0
LF:4
LH:0
BRF:0
BRH:0
end_of_record
TN:
SF:src/_theme_wrapper.tsx
FN:8,(anonymous_0)
FN:4,(anonymous_2)
FNF:2
FNH:2
FNDA:1,(anonymous_0)
FNDA:1,(anonymous_2)
DA:1,1
DA:2,1
DA:4,1
DA:5,1
DA:8,1
LF:5
LH:5
BRF:0
BRH:0
end_of_record
TN:
SF:src/main.tsx
FN:19,(anonymous_0)
FN:26,(anonymous_1)
FNF:2
FNH:0
FNDA:0,(anonymous_0)
FNDA:0,(anonymous_1)
DA:20,0
DA:21,0
DA:22,0
DA:26,0
DA:27,0
DA:29,0
DA:30,0
DA:31,0
DA:32,0
DA:33,0
DA:36,0
DA:39,0
DA:41,0
LF:13
LH:0
BRDA:29,0,0,0
BRF:1
BRH:0
end_of_record
TN:
SF:src/theme.ts
FN:12,(anonymous_0)
FNF:1
FNH:1
FNDA:1,(anonymous_0)
DA:1,1
DA:2,1
DA:5,1
DA:10,1
DA:12,1
LF:5
LH:5
BRF:0
BRH:0
end_of_record
TN:
SF:src/components/logo.tsx
FN:9,(anonymous_0)
FN:3,(anonymous_1)
FNF:2
FNH:2
FNDA:3,(anonymous_0)
FNDA:3,(anonymous_1)
DA:1,1
DA:3,1
DA:4,3
DA:9,3
LF:4
LH:4
BRF:0
BRH:0
end_of_record
TN:
SF:src/components/nav-button.tsx
FN:28,(anonymous_0)
FN:10,(anonymous_1)
FNF:2
FNH:0
FNDA:0,(anonymous_0)
FNDA:0,(anonymous_1)
DA:1,1
DA:2,1
DA:10,1
DA:11,0
DA:12,0
DA:28,1
LF:6
LH:4
BRF:0
BRH:0
end_of_record
TN:
SF:src/components/navbar.tsx
FN:98,(anonymous_0)
FN:23,(anonymous_2)
FNF:2
FNH:2
FNDA:1,(anonymous_0)
FNDA:3,(anonymous_2)
DA:1,1
DA:16,1
DA:17,1
DA:19,1
DA:20,1
DA:21,1
DA:23,1
DA:24,3
DA:25,3
DA:27,3
DA:98,1
LF:11
LH:11
BRDA:38,0,0,3
BRDA:38,0,1,0
BRDA:52,1,0,0
BRDA:52,1,1,3
BRF:4
BRH:2
end_of_record
TN:
SF:src/components/sidebar.tsx
FN:67,(anonymous_0)
FN:22,(anonymous_2)
FNF:2
FNH:1
FNDA:3,(anonymous_0)
FNDA:0,(anonymous_2)
DA:1,1
DA:9,1
DA:16,1
DA:18,1
DA:19,1
DA:20,1
DA:22,1
DA:23,0
DA:67,3
LF:9
LH:8
BRF:0
BRH:0
end_of_record
TN:
SF:src/components/toggle-button.tsx
FN:62,(anonymous_0)
FN:17,(anonymous_1)
FN:47,(anonymous_2)
FNF:3
FNH:3
FNDA:3,(anonymous_0)
FNDA:3,(anonymous_1)
FNDA:3,(anonymous_2)
DA:1,1
DA:3,1
DA:17,1
DA:18,3
DA:19,3
DA:47,1
DA:48,3
DA:49,3
DA:62,3
LF:9
LH:9
BRDA:22,0,0,0
BRDA:22,0,1,3
BRF:2
BRH:1
end_of_record
TN:
SF:src/components/user-profile.tsx
FN:26,(anonymous_0)
FN:9,(anonymous_1)
FNF:2
FNH:0
FNDA:0,(anonymous_0)
FNDA:0,(anonymous_1)
DA:1,1
DA:9,1
DA:10,0
DA:11,0
DA:26,1
LF:5
LH:3
BRF:0
BRH:0
end_of_record
TN:
SF:src/components/support/frequently-asked-questions.tsx
FN:59,(anonymous_0)
FN:22,(anonymous_2)
FN:41,(anonymous_3)
FN:52,(anonymous_4)
FNF:4
FNH:2
FNDA:3,(anonymous_0)
FNDA:0,(anonymous_2)
FNDA:3,(anonymous_3)
FNDA:0,(anonymous_4)
DA:9,1
DA:10,1
DA:22,1
DA:23,0
DA:24,0
DA:26,0
DA:41,1
DA:42,3
DA:44,2
DA:45,2
DA:48,0
DA:50,0
DA:53,0
DA:59,3
LF:14
LH:8
BRDA:44,0,0,2
BRF:1
BRH:1
end_of_record
TN:
SF:src/constants/supabase.ts
FNF:0
FNH:0
DA:1,0
DA:3,0
LF:2
LH:0
BRF:0
BRH:0
end_of_record
TN:
SF:src/hooks/useDate.ts
FN:9,(anonymous_0)
FN:13,(anonymous_1)
FN:14,(anonymous_2)
FN:19,(anonymous_3)
FNF:4
FNH:0
FNDA:0,(anonymous_0)
FNDA:0,(anonymous_1)
FNDA:0,(anonymous_2)
FNDA:0,(anonymous_3)
DA:9,0
DA:10,0
DA:11,0
DA:13,0
DA:14,0
DA:17,0
DA:19,0
DA:20,0
DA:24,0
DA:25,0
DA:29,0
DA:30,0
DA:34,0
DA:41,0
LF:14
LH:0
BRDA:31,0,0,0
BRDA:31,0,1,0
BRDA:31,0,2,0
BRDA:31,0,3,0
BRDA:31,0,4,0
BRF:5
BRH:0
end_of_record
TN:
SF:src/pages/calendar.tsx
FN:3,(anonymous_0)
FNF:1
FNH:0
FNDA:0,(anonymous_0)
DA:3,0
LF:1
LH:0
BRF:0
BRH:0
end_of_record
TN:
SF:src/pages/home.tsx
FN:3,(anonymous_0)
FNF:1
FNH:0
FNDA:0,(anonymous_0)
DA:3,0
LF:1
LH:0
BRF:0
BRH:0
end_of_record
TN:
SF:src/pages/support.tsx
FN:47,(anonymous_0)
FN:16,(anonymous_2)
FNF:2
FNH:2
FNDA:1,(anonymous_0)
FNDA:3,(anonymous_2)
DA:12,1
DA:14,1
DA:16,1
DA:17,3
DA:47,1
LF:5
LH:5
BRF:0
BRH:0
end_of_record
TN:
SF:src/pages/time-converter.tsx
FN:18,(anonymous_0)
FN:42,(anonymous_1)
FN:49,(anonymous_2)
FN:50,(anonymous_3)
FN:64,(anonymous_4)
FN:129,(anonymous_5)
FN:162,(anonymous_6)
FN:171,(anonymous_7)
FN:172,(anonymous_8)
FN:195,(anonymous_9)
FN:210,(anonymous_10)
FNF:11
FNH:0
FNDA:0,(anonymous_0)
FNDA:0,(anonymous_1)
FNDA:0,(anonymous_2)
FNDA:0,(anonymous_3)
FNDA:0,(anonymous_4)
FNDA:0,(anonymous_5)
FNDA:0,(anonymous_6)
FNDA:0,(anonymous_7)
FNDA:0,(anonymous_8)
FNDA:0,(anonymous_9)
FNDA:0,(anonymous_10)
DA:18,0
DA:19,0
DA:21,0
DA:42,0
DA:43,0
DA:44,0
DA:45,0
DA:49,0
DA:50,0
DA:51,0
DA:52,0
DA:56,0
DA:64,0
DA:65,0
DA:67,0
DA:68,0
DA:70,0
DA:71,0
DA:83,0
DA:84,0
DA:87,0
DA:129,0
DA:130,0
DA:162,0
DA:163,0
DA:165,0
DA:166,0
DA:167,0
DA:168,0
DA:169,0
DA:171,0
DA:172,0
DA:173,0
DA:174,0
DA:176,0
DA:177,0
DA:179,0
DA:182,0
DA:184,0
DA:185,0
DA:187,0
DA:188,0
DA:190,0
DA:191,0
DA:195,0
DA:198,0
DA:210,0
DA:211,0
DA:213,0
LF:49
LH:0
BRDA:58,0,0,0
BRDA:58,0,1,0
BRDA:70,1,0,0
BRDA:83,2,0,0
BRDA:190,3,0,0
BRDA:190,4,0,0
BRDA:190,4,1,0
BRDA:190,4,2,0
BRDA:190,4,3,0
BRDA:198,5,0,0
BRDA:198,5,1,0
BRF:11
BRH:0
end_of_record
