TN:
SF:src\App.tsx
FN:11,(anonymous_0)
FN:20,(anonymous_1)
FNF:2
FNH:0
FNDA:0,(anonymous_0)
FNDA:0,(anonymous_1)
DA:11,0
DA:12,0
DA:20,0
DA:21,0
LF:4
LH:0
BRF:0
BRH:0
end_of_record
TN:
SF:src\main.tsx
FN:19,(anonymous_0)
FN:26,(anonymous_1)
FNF:2
FNH:0
FNDA:0,(anonymous_0)
FNDA:0,(anonymous_1)
DA:20,0
DA:21,0
DA:22,0
DA:26,0
DA:27,0
DA:29,0
DA:30,0
DA:31,0
DA:32,0
DA:33,0
DA:36,0
DA:39,0
DA:41,0
LF:13
LH:0
BRDA:29,0,0,0
BRF:1
BRH:0
end_of_record
TN:
SF:src\theme.ts
FN:12,(anonymous_0)
FNF:1
FNH:1
FNDA:4,(anonymous_0)
DA:1,3
DA:2,3
DA:5,3
DA:10,3
DA:12,4
LF:5
LH:5
BRF:0
BRH:0
end_of_record
TN:
SF:src\components\logo.tsx
FN:9,(anonymous_0)
FN:3,(anonymous_1)
FNF:2
FNH:2
FNDA:3,(anonymous_0)
FNDA:3,(anonymous_1)
DA:1,1
DA:3,1
DA:4,3
DA:9,3
LF:4
LH:4
BRF:0
BRH:0
end_of_record
TN:
SF:src\components\nav-button.tsx
FN:28,(anonymous_0)
FN:10,(anonymous_1)
FNF:2
FNH:0
FNDA:0,(anonymous_0)
FNDA:0,(anonymous_1)
DA:1,1
DA:2,1
DA:10,1
DA:11,0
DA:12,0
DA:28,1
LF:6
LH:4
BRF:0
BRH:0
end_of_record
TN:
SF:src\components\navbar.tsx
FN:101,(anonymous_0)
FN:23,(anonymous_2)
FNF:2
FNH:2
FNDA:1,(anonymous_0)
FNDA:3,(anonymous_2)
DA:1,1
DA:16,1
DA:17,1
DA:19,1
DA:20,1
DA:21,1
DA:23,1
DA:24,3
DA:25,3
DA:27,3
DA:101,1
LF:11
LH:11
BRDA:38,0,0,3
BRDA:38,0,1,0
BRDA:55,1,0,0
BRDA:55,1,1,3
BRF:4
BRH:2
end_of_record
TN:
SF:src\components\sidebar.tsx
FN:73,(anonymous_0)
FN:23,(anonymous_2)
FNF:2
FNH:1
FNDA:3,(anonymous_0)
FNDA:0,(anonymous_2)
DA:1,1
DA:9,1
DA:17,1
DA:19,1
DA:20,1
DA:21,1
DA:23,1
DA:24,0
DA:73,3
LF:9
LH:8
BRF:0
BRH:0
end_of_record
TN:
SF:src\components\toggle-button.tsx
FN:62,(anonymous_0)
FN:17,(anonymous_1)
FN:47,(anonymous_2)
FNF:3
FNH:3
FNDA:3,(anonymous_0)
FNDA:3,(anonymous_1)
FNDA:3,(anonymous_2)
DA:1,1
DA:3,1
DA:17,1
DA:18,3
DA:19,3
DA:47,1
DA:48,3
DA:49,3
DA:62,3
LF:9
LH:9
BRDA:22,0,0,0
BRDA:22,0,1,3
BRF:2
BRH:1
end_of_record
TN:
SF:src\components\user-profile.tsx
FN:26,(anonymous_0)
FN:9,(anonymous_1)
FNF:2
FNH:0
FNDA:0,(anonymous_0)
FNDA:0,(anonymous_1)
DA:1,1
DA:9,1
DA:10,0
DA:11,0
DA:26,1
LF:5
LH:3
BRF:0
BRH:0
end_of_record
TN:
SF:src\components\support\frequently-asked-questions.tsx
FN:61,(anonymous_0)
FN:24,(anonymous_2)
FN:43,(anonymous_3)
FN:54,(anonymous_4)
FNF:4
FNH:2
FNDA:3,(anonymous_0)
FNDA:0,(anonymous_2)
FNDA:3,(anonymous_3)
FNDA:0,(anonymous_4)
DA:9,2
DA:10,2
DA:12,2
DA:24,2
DA:25,0
DA:26,0
DA:28,0
DA:43,2
DA:44,3
DA:46,3
DA:47,3
DA:50,0
DA:52,0
DA:55,0
DA:61,3
LF:15
LH:9
BRDA:46,0,0,3
BRF:1
BRH:1
end_of_record
TN:
SF:src\constants\api.ts
FN:10,(anonymous_1)
FN:14,(anonymous_2)
FN:15,(anonymous_3)
FN:17,(anonymous_4)
FN:20,(anonymous_5)
FN:11,(anonymous_6)
FN:11,(anonymous_7)
FN:11,(anonymous_8)
FNF:8
FNH:4
FNDA:0,(anonymous_1)
FNDA:0,(anonymous_2)
FNDA:0,(anonymous_3)
FNDA:0,(anonymous_4)
FNDA:3,(anonymous_5)
FNDA:4,(anonymous_6)
FNDA:2,(anonymous_7)
FNDA:3,(anonymous_8)
DA:2,2
DA:3,2
DA:6,2
DA:7,2
DA:10,0
DA:11,4
DA:12,3
DA:14,2
DA:15,2
DA:17,2
DA:20,3
LF:11
LH:10
BRDA:12,0,0,3
BRDA:12,0,1,3
BRF:2
BRH:2
end_of_record
TN:
SF:src\hooks\useDate.ts
FN:9,(anonymous_0)
FN:13,(anonymous_1)
FN:14,(anonymous_2)
FN:19,(anonymous_3)
FNF:4
FNH:0
FNDA:0,(anonymous_0)
FNDA:0,(anonymous_1)
FNDA:0,(anonymous_2)
FNDA:0,(anonymous_3)
DA:9,0
DA:10,0
DA:11,0
DA:13,0
DA:14,0
DA:17,0
DA:19,0
DA:20,0
DA:24,0
DA:25,0
DA:29,0
DA:30,0
DA:34,0
DA:41,0
LF:14
LH:0
BRDA:31,0,0,0
BRDA:31,0,1,0
BRDA:31,0,2,0
BRDA:31,0,3,0
BRDA:31,0,4,0
BRF:5
BRH:0
end_of_record
TN:
SF:src\pages\calendar.tsx
FN:3,(anonymous_0)
FNF:1
FNH:0
FNDA:0,(anonymous_0)
DA:3,0
LF:1
LH:0
BRF:0
BRH:0
end_of_record
TN:
SF:src\pages\home.tsx
FN:3,(anonymous_0)
FNF:1
FNH:0
FNDA:0,(anonymous_0)
DA:3,0
LF:1
LH:0
BRF:0
BRH:0
end_of_record
TN:
SF:src\pages\support.tsx
FN:51,(anonymous_0)
FN:16,(anonymous_2)
FNF:2
FNH:2
FNDA:2,(anonymous_0)
FNDA:2,(anonymous_2)
DA:12,1
DA:14,1
DA:16,1
DA:17,2
DA:51,2
LF:5
LH:5
BRF:0
BRH:0
end_of_record
TN:
SF:src\pages\time-converter.tsx
FN:29,(anonymous_0)
FN:48,(anonymous_1)
FN:61,(anonymous_2)
FN:69,(anonymous_3)
FN:91,(anonymous_4)
FN:122,(anonymous_5)
FN:163,(anonymous_6)
FN:170,(anonymous_7)
FN:171,(anonymous_8)
FN:185,(anonymous_9)
FN:250,(anonymous_10)
FN:283,(anonymous_11)
FN:292,(anonymous_12)
FN:293,(anonymous_13)
FN:316,(anonymous_14)
FN:331,(anonymous_15)
FNF:16
FNH:0
FNDA:0,(anonymous_0)
FNDA:0,(anonymous_1)
FNDA:0,(anonymous_2)
FNDA:0,(anonymous_3)
FNDA:0,(anonymous_4)
FNDA:0,(anonymous_5)
FNDA:0,(anonymous_6)
FNDA:0,(anonymous_7)
FNDA:0,(anonymous_8)
FNDA:0,(anonymous_9)
FNDA:0,(anonymous_10)
FNDA:0,(anonymous_11)
FNDA:0,(anonymous_12)
FNDA:0,(anonymous_13)
FNDA:0,(anonymous_14)
FNDA:0,(anonymous_15)
DA:29,0
DA:30,0
DA:32,0
DA:48,0
DA:49,0
DA:53,0
DA:54,0
DA:56,0
DA:57,0
DA:58,0
DA:59,0
DA:61,0
DA:62,0
DA:63,0
DA:65,0
DA:69,0
DA:70,0
DA:71,0
DA:72,0
DA:74,0
DA:75,0
DA:76,0
DA:78,0
DA:79,0
DA:80,0
DA:81,0
DA:82,0
DA:85,0
DA:86,0
DA:91,0
DA:92,0
DA:95,0
DA:122,0
DA:163,0
DA:164,0
DA:165,0
DA:166,0
DA:170,0
DA:171,0
DA:172,0
DA:173,0
DA:177,0
DA:185,0
DA:186,0
DA:188,0
DA:189,0
DA:191,0
DA:192,0
DA:204,0
DA:205,0
DA:208,0
DA:250,0
DA:251,0
DA:283,0
DA:284,0
DA:286,0
DA:287,0
DA:288,0
DA:289,0
DA:290,0
DA:292,0
DA:293,0
DA:294,0
DA:295,0
DA:297,0
DA:298,0
DA:300,0
DA:303,0
DA:305,0
DA:306,0
DA:308,0
DA:309,0
DA:311,0
DA:312,0
DA:316,0
DA:319,0
DA:331,0
DA:332,0
DA:334,0
LF:79
LH:0
BRDA:62,0,0,0
BRDA:62,0,1,0
BRDA:70,1,0,0
BRDA:70,1,1,0
BRDA:70,2,0,0
BRDA:70,2,1,0
BRDA:70,2,2,0
BRDA:78,3,0,0
BRDA:78,4,0,0
BRDA:78,4,1,0
BRDA:81,5,0,0
BRDA:81,6,0,0
BRDA:81,6,1,0
BRDA:179,7,0,0
BRDA:179,7,1,0
BRDA:191,8,0,0
BRDA:204,9,0,0
BRDA:311,10,0,0
BRDA:311,11,0,0
BRDA:311,11,1,0
BRDA:311,11,2,0
BRDA:311,11,3,0
BRDA:319,12,0,0
BRDA:319,12,1,0
BRF:24
BRH:0
end_of_record
